2024-11-02 00:39:34,151 - INFO - Transaction Processed: {'transaction_id': 97152, 'amount': 42.75, 'timestamp': 1730497174.1498682, 'is_fraud': 0, 'location': 'DE', 'payment_method': 'CREDIT_CARD', 'oldbalanceOrg': 9025.12, 'newbalanceOrig': 8118.05, 'oldbalanceDest': 1593.41, 'prediction': 0}
2024-11-02 00:39:36,151 - INFO - Transaction Processed: {'transaction_id': 63706, 'amount': 812.98, 'timestamp': 1730497176.1504586, 'is_fraud': 0, 'location': 'UK', 'payment_method': 'CREDIT_CARD', 'oldbalanceOrg': 5893.67, 'newbalanceOrig': 9304.84, 'oldbalanceDest': 6867.05, 'prediction': 0}
2024-11-02 00:39:38,152 - INFO - Transaction Processed: {'transaction_id': 49461, 'amount': 408.03, 'timestamp': 1730497178.151415, 'is_fraud': 0, 'location': 'DE', 'payment_method': 'BANK_TRANSFER', 'oldbalanceOrg': 3347.69, 'newbalanceOrig': 3553.01, 'oldbalanceDest': 6242.83, 'prediction': 0}
2024-11-02 00:39:40,152 - INFO - Transaction Processed: {'transaction_id': 15971, 'amount': 683.43, 'timestamp': 1730497180.1515737, 'is_fraud': 1, 'location': 'FR', 'payment_method': 'BANK_TRANSFER', 'oldbalanceOrg': 5715.37, 'newbalanceOrig': 3634.89, 'oldbalanceDest': 7645.59, 'prediction': 0}
2024-11-02 00:39:42,152 - INFO - Transaction Processed: {'transaction_id': 40682, 'amount': 451.1, 'timestamp': 1730497182.1519554, 'is_fraud': 0, 'location': 'FR', 'payment_method': 'CREDIT_CARD', 'oldbalanceOrg': 1804.65, 'newbalanceOrig': 6684.72, 'oldbalanceDest': 915.81, 'prediction': 0}
2024-11-02 00:39:44,153 - INFO - Transaction Processed: {'transaction_id': 96090, 'amount': 592.98, 'timestamp': 1730497184.1526268, 'is_fraud': 1, 'location': 'DE', 'payment_method': 'BANK_TRANSFER', 'oldbalanceOrg': 643.22, 'newbalanceOrig': 2524.4, 'oldbalanceDest': 6679.97, 'prediction': 0}
2024-11-02 00:39:46,154 - INFO - Transaction Processed: {'transaction_id': 85381, 'amount': 122.47, 'timestamp': 1730497186.1535273, 'is_fraud': 0, 'location': 'UK', 'payment_method': 'CREDIT_CARD', 'oldbalanceOrg': 3633.19, 'newbalanceOrig': 9202.49, 'oldbalanceDest': 2887.41, 'prediction': 0}
2024-11-02 00:39:48,154 - INFO - Transaction Processed: {'transaction_id': 90334, 'amount': 654.39, 'timestamp': 1730497188.1537304, 'is_fraud': 0, 'location': 'US', 'payment_method': 'BANK_TRANSFER', 'oldbalanceOrg': 7180.33, 'newbalanceOrig': 4985.79, 'oldbalanceDest': 6812.6, 'prediction': 0}
2024-11-02 00:39:50,155 - INFO - Transaction Processed: {'transaction_id': 49422, 'amount': 892.13, 'timestamp': 1730497190.1543605, 'is_fraud': 0, 'location': 'DE', 'payment_method': 'PAYPAL', 'oldbalanceOrg': 1933.82, 'newbalanceOrig': 3478.14, 'oldbalanceDest': 3853.39, 'prediction': 0}
2024-11-02 00:39:52,155 - INFO - Transaction Processed: {'transaction_id': 14346, 'amount': 656.14, 'timestamp': 1730497192.1548948, 'is_fraud': 0, 'location': 'UK', 'payment_method': 'BANK_TRANSFER', 'oldbalanceOrg': 4261.14, 'newbalanceOrig': 6052.92, 'oldbalanceDest': 2946.38, 'prediction': 0}
2024-11-02 00:39:54,156 - INFO - Transaction Processed: {'transaction_id': 83103, 'amount': 455.05, 'timestamp': 1730497194.1555219, 'is_fraud': 0, 'location': 'UK', 'payment_method': 'BANK_TRANSFER', 'oldbalanceOrg': 7289.55, 'newbalanceOrig': 7387.5, 'oldbalanceDest': 6762.09, 'prediction': 0}
2024-11-02 00:39:56,157 - INFO - Transaction Processed: {'transaction_id': 50564, 'amount': 26.78, 'timestamp': 1730497196.1560078, 'is_fraud': 0, 'location': 'UK', 'payment_method': 'BANK_TRANSFER', 'oldbalanceOrg': 7421.03, 'newbalanceOrig': 6458.02, 'oldbalanceDest': 3889.38, 'prediction': 0}
2024-11-02 00:39:58,157 - INFO - Transaction Processed: {'transaction_id': 64957, 'amount': 330.39, 'timestamp': 1730497198.156598, 'is_fraud': 0, 'location': 'US', 'payment_method': 'BANK_TRANSFER', 'oldbalanceOrg': 1649.05, 'newbalanceOrig': 2964.33, 'oldbalanceDest': 9483.4, 'prediction': 0}
2024-11-02 00:40:00,159 - INFO - Transaction Processed: {'transaction_id': 97067, 'amount': 913.41, 'timestamp': 1730497200.1570258, 'is_fraud': 0, 'location': 'UK', 'payment_method': 'CREDIT_CARD', 'oldbalanceOrg': 8779.71, 'newbalanceOrig': 3220.93, 'oldbalanceDest': 9274.81, 'prediction': 0}
2024-11-02 00:40:02,158 - INFO - Transaction Processed: {'transaction_id': 91590, 'amount': 827.84, 'timestamp': 1730497202.1577559, 'is_fraud': 0, 'location': 'UK', 'payment_method': 'PAYPAL', 'oldbalanceOrg': 3171.17, 'newbalanceOrig': 4454.5, 'oldbalanceDest': 9160.26, 'prediction': 0}
2024-11-02 00:40:04,159 - INFO - Transaction Processed: {'transaction_id': 68098, 'amount': 989.95, 'timestamp': 1730497204.1587195, 'is_fraud': 0, 'location': 'DE', 'payment_method': 'BANK_TRANSFER', 'oldbalanceOrg': 6946.63, 'newbalanceOrig': 9451.77, 'oldbalanceDest': 6047.3, 'prediction': 0}
2024-11-02 00:40:06,159 - INFO - Transaction Processed: {'transaction_id': 13693, 'amount': 93.08, 'timestamp': 1730497206.1589363, 'is_fraud': 1, 'location': 'UK', 'payment_method': 'CREDIT_CARD', 'oldbalanceOrg': 5840.07, 'newbalanceOrig': 7976.84, 'oldbalanceDest': 3123.29, 'prediction': 0}
2024-11-02 00:40:08,160 - INFO - Transaction Processed: {'transaction_id': 99498, 'amount': 117.31, 'timestamp': 1730497208.1589804, 'is_fraud': 0, 'location': 'FR', 'payment_method': 'PAYPAL', 'oldbalanceOrg': 6991.35, 'newbalanceOrig': 8701.66, 'oldbalanceDest': 5325.07, 'prediction': 0}
2024-11-02 00:40:10,160 - INFO - Transaction Processed: {'transaction_id': 69045, 'amount': 572.38, 'timestamp': 1730497210.1595767, 'is_fraud': 1, 'location': 'UK', 'payment_method': 'PAYPAL', 'oldbalanceOrg': 4826.32, 'newbalanceOrig': 107.06, 'oldbalanceDest': 3677.57, 'prediction': 0}
2024-11-02 00:40:12,161 - INFO - Transaction Processed: {'transaction_id': 34445, 'amount': 557.48, 'timestamp': 1730497212.160339, 'is_fraud': 0, 'location': 'US', 'payment_method': 'BANK_TRANSFER', 'oldbalanceOrg': 1207.21, 'newbalanceOrig': 1756.95, 'oldbalanceDest': 346.19, 'prediction': 0}
2024-11-02 00:40:14,161 - INFO - Transaction Processed: {'transaction_id': 61503, 'amount': 598.08, 'timestamp': 1730497214.1605973, 'is_fraud': 0, 'location': 'DE', 'payment_method': 'BANK_TRANSFER', 'oldbalanceOrg': 4684.09, 'newbalanceOrig': 549.68, 'oldbalanceDest': 1639.25, 'prediction': 0}
2024-11-02 00:40:16,161 - INFO - Transaction Processed: {'transaction_id': 79538, 'amount': 948.08, 'timestamp': 1730497216.1608868, 'is_fraud': 0, 'location': 'DE', 'payment_method': 'CREDIT_CARD', 'oldbalanceOrg': 3672.46, 'newbalanceOrig': 2886.59, 'oldbalanceDest': 3776.05, 'prediction': 0}
2024-11-02 00:40:18,162 - INFO - Transaction Processed: {'transaction_id': 91622, 'amount': 611.82, 'timestamp': 1730497218.160999, 'is_fraud': 0, 'location': 'UK', 'payment_method': 'BANK_TRANSFER', 'oldbalanceOrg': 6749.53, 'newbalanceOrig': 7297.62, 'oldbalanceDest': 5139.63, 'prediction': 0}
2024-11-02 00:40:20,162 - INFO - Transaction Processed: {'transaction_id': 16368, 'amount': 205.28, 'timestamp': 1730497220.16123, 'is_fraud': 0, 'location': 'FR', 'payment_method': 'CREDIT_CARD', 'oldbalanceOrg': 4195.49, 'newbalanceOrig': 8828.06, 'oldbalanceDest': 7360.88, 'prediction': 0}
2024-11-02 00:40:22,162 - INFO - Transaction Processed: {'transaction_id': 46276, 'amount': 242.23, 'timestamp': 1730497222.1613061, 'is_fraud': 0, 'location': 'UK', 'payment_method': 'CREDIT_CARD', 'oldbalanceOrg': 7644.56, 'newbalanceOrig': 7250.06, 'oldbalanceDest': 1989.35, 'prediction': 0}
2024-11-02 00:40:24,163 - INFO - Transaction Processed: {'transaction_id': 38320, 'amount': 270.5, 'timestamp': 1730497224.1629612, 'is_fraud': 0, 'location': 'FR', 'payment_method': 'CREDIT_CARD', 'oldbalanceOrg': 4041.21, 'newbalanceOrig': 3332.22, 'oldbalanceDest': 2400.88, 'prediction': 0}
2024-11-02 00:40:26,164 - INFO - Transaction Processed: {'transaction_id': 38198, 'amount': 810.74, 'timestamp': 1730497226.1638896, 'is_fraud': 0, 'location': 'US', 'payment_method': 'BANK_TRANSFER', 'oldbalanceOrg': 9046.12, 'newbalanceOrig': 9880.49, 'oldbalanceDest': 2222.46, 'prediction': 0}
2024-11-02 00:40:28,165 - INFO - Transaction Processed: {'transaction_id': 10203, 'amount': 888.6, 'timestamp': 1730497228.1643307, 'is_fraud': 0, 'location': 'UK', 'payment_method': 'BANK_TRANSFER', 'oldbalanceOrg': 6085.33, 'newbalanceOrig': 4537.23, 'oldbalanceDest': 8190.69, 'prediction': 0}
2024-11-02 00:40:30,165 - INFO - Transaction Processed: {'transaction_id': 30316, 'amount': 115.17, 'timestamp': 1730497230.1646273, 'is_fraud': 0, 'location': 'UK', 'payment_method': 'PAYPAL', 'oldbalanceOrg': 4321.24, 'newbalanceOrig': 8718.46, 'oldbalanceDest': 709.97, 'prediction': 0}
2024-11-02 00:40:32,166 - INFO - Transaction Processed: {'transaction_id': 77848, 'amount': 824.91, 'timestamp': 1730497232.1655138, 'is_fraud': 0, 'location': 'DE', 'payment_method': 'PAYPAL', 'oldbalanceOrg': 7699.43, 'newbalanceOrig': 6063.87, 'oldbalanceDest': 8749.93, 'prediction': 0}
2024-11-02 00:40:34,166 - INFO - Transaction Processed: {'transaction_id': 64452, 'amount': 670.52, 'timestamp': 1730497234.1658788, 'is_fraud': 0, 'location': 'DE', 'payment_method': 'CREDIT_CARD', 'oldbalanceOrg': 2379.37, 'newbalanceOrig': 2207.15, 'oldbalanceDest': 6026.65, 'prediction': 0}
2024-11-02 00:40:36,167 - INFO - Transaction Processed: {'transaction_id': 12295, 'amount': 186.94, 'timestamp': 1730497236.1668968, 'is_fraud': 1, 'location': 'DE', 'payment_method': 'BANK_TRANSFER', 'oldbalanceOrg': 155.39, 'newbalanceOrig': 778.06, 'oldbalanceDest': 8386.23, 'prediction': 0}
2024-11-02 00:40:38,168 - INFO - Transaction Processed: {'transaction_id': 80042, 'amount': 281.0, 'timestamp': 1730497238.1671839, 'is_fraud': 0, 'location': 'FR', 'payment_method': 'BANK_TRANSFER', 'oldbalanceOrg': 9618.16, 'newbalanceOrig': 5723.68, 'oldbalanceDest': 8459.08, 'prediction': 0}
2024-11-02 00:40:40,168 - INFO - Transaction Processed: {'transaction_id': 87569, 'amount': 989.97, 'timestamp': 1730497240.1674235, 'is_fraud': 0, 'location': 'FR', 'payment_method': 'BANK_TRANSFER', 'oldbalanceOrg': 5027.72, 'newbalanceOrig': 213.33, 'oldbalanceDest': 6654.33, 'prediction': 0}
2024-11-02 00:40:42,169 - INFO - Transaction Processed: {'transaction_id': 46833, 'amount': 782.27, 'timestamp': 1730497242.168318, 'is_fraud': 0, 'location': 'DE', 'payment_method': 'PAYPAL', 'oldbalanceOrg': 4645.52, 'newbalanceOrig': 6884.21, 'oldbalanceDest': 2023.47, 'prediction': 0}
2024-11-02 00:40:44,169 - INFO - Transaction Processed: {'transaction_id': 16287, 'amount': 873.17, 'timestamp': 1730497244.1687505, 'is_fraud': 0, 'location': 'UK', 'payment_method': 'PAYPAL', 'oldbalanceOrg': 9047.79, 'newbalanceOrig': 5440.35, 'oldbalanceDest': 6502.9, 'prediction': 0}
2024-11-02 00:40:46,169 - INFO - Transaction Processed: {'transaction_id': 84821, 'amount': 613.61, 'timestamp': 1730497246.168851, 'is_fraud': 0, 'location': 'FR', 'payment_method': 'BANK_TRANSFER', 'oldbalanceOrg': 3082.66, 'newbalanceOrig': 673.58, 'oldbalanceDest': 5468.98, 'prediction': 0}
2024-11-02 00:40:48,170 - INFO - Transaction Processed: {'transaction_id': 51049, 'amount': 197.9, 'timestamp': 1730497248.169839, 'is_fraud': 0, 'location': 'US', 'payment_method': 'BANK_TRANSFER', 'oldbalanceOrg': 1807.54, 'newbalanceOrig': 1166.84, 'oldbalanceDest': 7086.7, 'prediction': 0}
2024-11-02 00:40:50,171 - INFO - Transaction Processed: {'transaction_id': 95173, 'amount': 656.04, 'timestamp': 1730497250.1705954, 'is_fraud': 0, 'location': 'UK', 'payment_method': 'CREDIT_CARD', 'oldbalanceOrg': 8496.76, 'newbalanceOrig': 2240.35, 'oldbalanceDest': 9455.15, 'prediction': 0}
2024-11-02 00:40:52,171 - INFO - Transaction Processed: {'transaction_id': 29170, 'amount': 480.95, 'timestamp': 1730497252.1707032, 'is_fraud': 1, 'location': 'US', 'payment_method': 'CREDIT_CARD', 'oldbalanceOrg': 2534.99, 'newbalanceOrig': 9410.93, 'oldbalanceDest': 378.24, 'prediction': 0}
2024-11-02 00:40:54,172 - INFO - Transaction Processed: {'transaction_id': 64345, 'amount': 616.69, 'timestamp': 1730497254.1711342, 'is_fraud': 0, 'location': 'UK', 'payment_method': 'BANK_TRANSFER', 'oldbalanceOrg': 7762.68, 'newbalanceOrig': 896.72, 'oldbalanceDest': 3777.13, 'prediction': 0}
2024-11-02 00:40:56,173 - INFO - Transaction Processed: {'transaction_id': 24129, 'amount': 911.09, 'timestamp': 1730497256.1713083, 'is_fraud': 1, 'location': 'DE', 'payment_method': 'PAYPAL', 'oldbalanceOrg': 3753.48, 'newbalanceOrig': 2099.45, 'oldbalanceDest': 2930.81, 'prediction': 0}
2024-11-02 00:40:58,174 - INFO - Transaction Processed: {'transaction_id': 96883, 'amount': 313.14, 'timestamp': 1730497258.1723256, 'is_fraud': 0, 'location': 'US', 'payment_method': 'BANK_TRANSFER', 'oldbalanceOrg': 6701.44, 'newbalanceOrig': 2128.23, 'oldbalanceDest': 9656.07, 'prediction': 0}
2024-11-02 00:41:00,175 - INFO - Transaction Processed: {'transaction_id': 95798, 'amount': 264.44, 'timestamp': 1730497260.173348, 'is_fraud': 1, 'location': 'DE', 'payment_method': 'BANK_TRANSFER', 'oldbalanceOrg': 646.46, 'newbalanceOrig': 4836.25, 'oldbalanceDest': 4999.23, 'prediction': 0}
2024-11-02 00:41:02,174 - INFO - Transaction Processed: {'transaction_id': 18177, 'amount': 896.25, 'timestamp': 1730497262.1737564, 'is_fraud': 0, 'location': 'UK', 'payment_method': 'BANK_TRANSFER', 'oldbalanceOrg': 4625.69, 'newbalanceOrig': 8915.47, 'oldbalanceDest': 362.01, 'prediction': 0}
2024-11-02 00:41:04,174 - INFO - Transaction Processed: {'transaction_id': 44977, 'amount': 325.23, 'timestamp': 1730497264.173803, 'is_fraud': 0, 'location': 'UK', 'payment_method': 'BANK_TRANSFER', 'oldbalanceOrg': 4274.87, 'newbalanceOrig': 5748.95, 'oldbalanceDest': 9688.68, 'prediction': 0}
2024-11-02 00:41:06,175 - INFO - Transaction Processed: {'transaction_id': 48437, 'amount': 191.58, 'timestamp': 1730497266.1743786, 'is_fraud': 0, 'location': 'FR', 'payment_method': 'CREDIT_CARD', 'oldbalanceOrg': 5153.34, 'newbalanceOrig': 6465.33, 'oldbalanceDest': 9651.83, 'prediction': 0}
2024-11-02 00:41:08,176 - INFO - Transaction Processed: {'transaction_id': 87504, 'amount': 793.52, 'timestamp': 1730497268.175058, 'is_fraud': 0, 'location': 'FR', 'payment_method': 'BANK_TRANSFER', 'oldbalanceOrg': 1089.14, 'newbalanceOrig': 6095.17, 'oldbalanceDest': 8173.0, 'prediction': 0}
2024-11-02 00:41:10,176 - INFO - Transaction Processed: {'transaction_id': 75343, 'amount': 649.57, 'timestamp': 1730497270.1750646, 'is_fraud': 0, 'location': 'US', 'payment_method': 'CREDIT_CARD', 'oldbalanceOrg': 7099.49, 'newbalanceOrig': 5182.2, 'oldbalanceDest': 2948.07, 'prediction': 0}
2024-11-02 00:41:12,176 - INFO - Transaction Processed: {'transaction_id': 96278, 'amount': 96.16, 'timestamp': 1730497272.1755266, 'is_fraud': 0, 'location': 'US', 'payment_method': 'CREDIT_CARD', 'oldbalanceOrg': 2009.59, 'newbalanceOrig': 5680.0, 'oldbalanceDest': 9693.35, 'prediction': 0}
2024-11-02 00:41:14,176 - INFO - Transaction Processed: {'transaction_id': 67155, 'amount': 434.45, 'timestamp': 1730497274.1755698, 'is_fraud': 0, 'location': 'FR', 'payment_method': 'PAYPAL', 'oldbalanceOrg': 2469.31, 'newbalanceOrig': 1322.33, 'oldbalanceDest': 2675.01, 'prediction': 0}
2024-11-02 00:41:16,177 - INFO - Transaction Processed: {'transaction_id': 56576, 'amount': 47.35, 'timestamp': 1730497276.1764655, 'is_fraud': 0, 'location': 'FR', 'payment_method': 'BANK_TRANSFER', 'oldbalanceOrg': 2863.19, 'newbalanceOrig': 1486.5, 'oldbalanceDest': 7867.62, 'prediction': 0}
2024-11-02 00:41:18,178 - INFO - Transaction Processed: {'transaction_id': 90010, 'amount': 47.49, 'timestamp': 1730497278.17727, 'is_fraud': 0, 'location': 'FR', 'payment_method': 'PAYPAL', 'oldbalanceOrg': 9111.49, 'newbalanceOrig': 6217.67, 'oldbalanceDest': 513.27, 'prediction': 0}
2024-11-02 00:41:20,178 - INFO - Transaction Processed: {'transaction_id': 83560, 'amount': 172.98, 'timestamp': 1730497280.1775749, 'is_fraud': 0, 'location': 'US', 'payment_method': 'BANK_TRANSFER', 'oldbalanceOrg': 5966.48, 'newbalanceOrig': 7492.85, 'oldbalanceDest': 1196.74, 'prediction': 0}
2024-11-02 00:41:22,179 - INFO - Transaction Processed: {'transaction_id': 11078, 'amount': 211.54, 'timestamp': 1730497282.1781065, 'is_fraud': 0, 'location': 'UK', 'payment_method': 'BANK_TRANSFER', 'oldbalanceOrg': 3398.6, 'newbalanceOrig': 1275.46, 'oldbalanceDest': 132.91, 'prediction': 0}
2024-11-02 00:41:24,179 - INFO - Transaction Processed: {'transaction_id': 76675, 'amount': 180.61, 'timestamp': 1730497284.1788104, 'is_fraud': 0, 'location': 'US', 'payment_method': 'CREDIT_CARD', 'oldbalanceOrg': 9551.07, 'newbalanceOrig': 2739.04, 'oldbalanceDest': 2150.1, 'prediction': 0}
2024-11-02 00:41:26,181 - INFO - Transaction Processed: {'transaction_id': 28903, 'amount': 5.36, 'timestamp': 1730497286.1791177, 'is_fraud': 0, 'location': 'DE', 'payment_method': 'CREDIT_CARD', 'oldbalanceOrg': 3055.34, 'newbalanceOrig': 7758.97, 'oldbalanceDest': 6404.07, 'prediction': 0}
2024-11-02 00:41:28,180 - INFO - Transaction Processed: {'transaction_id': 16495, 'amount': 114.82, 'timestamp': 1730497288.1796234, 'is_fraud': 0, 'location': 'FR', 'payment_method': 'BANK_TRANSFER', 'oldbalanceOrg': 8673.68, 'newbalanceOrig': 4703.53, 'oldbalanceDest': 2219.22, 'prediction': 0}
2024-11-02 00:41:30,181 - INFO - Transaction Processed: {'transaction_id': 78494, 'amount': 952.89, 'timestamp': 1730497290.1801546, 'is_fraud': 1, 'location': 'US', 'payment_method': 'CREDIT_CARD', 'oldbalanceOrg': 4512.69, 'newbalanceOrig': 1937.52, 'oldbalanceDest': 9562.9, 'prediction': 0}
2024-11-02 00:41:32,182 - INFO - Transaction Processed: {'transaction_id': 97100, 'amount': 179.37, 'timestamp': 1730497292.1810665, 'is_fraud': 0, 'location': 'DE', 'payment_method': 'PAYPAL', 'oldbalanceOrg': 1640.84, 'newbalanceOrig': 9985.95, 'oldbalanceDest': 6069.98, 'prediction': 0}
2024-11-02 00:41:34,182 - INFO - Transaction Processed: {'transaction_id': 66732, 'amount': 272.86, 'timestamp': 1730497294.1818712, 'is_fraud': 1, 'location': 'US', 'payment_method': 'CREDIT_CARD', 'oldbalanceOrg': 7879.25, 'newbalanceOrig': 5455.15, 'oldbalanceDest': 148.63, 'prediction': 0}
2024-11-02 00:41:36,183 - INFO - Transaction Processed: {'transaction_id': 75283, 'amount': 247.1, 'timestamp': 1730497296.1826336, 'is_fraud': 0, 'location': 'FR', 'payment_method': 'BANK_TRANSFER', 'oldbalanceOrg': 9779.09, 'newbalanceOrig': 2983.41, 'oldbalanceDest': 8828.8, 'prediction': 0}
2024-11-02 00:41:38,184 - INFO - Transaction Processed: {'transaction_id': 16172, 'amount': 272.03, 'timestamp': 1730497298.183227, 'is_fraud': 0, 'location': 'DE', 'payment_method': 'BANK_TRANSFER', 'oldbalanceOrg': 5733.41, 'newbalanceOrig': 5792.19, 'oldbalanceDest': 1490.5, 'prediction': 0}
2024-11-02 00:41:40,184 - INFO - Transaction Processed: {'transaction_id': 61934, 'amount': 446.84, 'timestamp': 1730497300.1835706, 'is_fraud': 0, 'location': 'DE', 'payment_method': 'BANK_TRANSFER', 'oldbalanceOrg': 264.19, 'newbalanceOrig': 8962.76, 'oldbalanceDest': 7127.09, 'prediction': 0}
2024-11-02 00:41:42,186 - INFO - Transaction Processed: {'transaction_id': 99165, 'amount': 501.9, 'timestamp': 1730497302.1837099, 'is_fraud': 1, 'location': 'UK', 'payment_method': 'CREDIT_CARD', 'oldbalanceOrg': 2802.16, 'newbalanceOrig': 2178.78, 'oldbalanceDest': 9110.49, 'prediction': 0}
2024-11-02 00:41:44,186 - INFO - Transaction Processed: {'transaction_id': 62021, 'amount': 16.49, 'timestamp': 1730497304.1850398, 'is_fraud': 0, 'location': 'FR', 'payment_method': 'CREDIT_CARD', 'oldbalanceOrg': 666.68, 'newbalanceOrig': 6414.55, 'oldbalanceDest': 2699.89, 'prediction': 0}
2024-11-02 00:41:46,187 - INFO - Transaction Processed: {'transaction_id': 99192, 'amount': 726.77, 'timestamp': 1730497306.1852217, 'is_fraud': 1, 'location': 'US', 'payment_method': 'PAYPAL', 'oldbalanceOrg': 5612.85, 'newbalanceOrig': 6511.75, 'oldbalanceDest': 6934.21, 'prediction': 0}
2024-11-02 00:41:48,186 - INFO - Transaction Processed: {'transaction_id': 33640, 'amount': 151.5, 'timestamp': 1730497308.185723, 'is_fraud': 0, 'location': 'FR', 'payment_method': 'CREDIT_CARD', 'oldbalanceOrg': 6892.35, 'newbalanceOrig': 9617.15, 'oldbalanceDest': 4371.87, 'prediction': 0}
2024-11-02 00:41:50,187 - INFO - Transaction Processed: {'transaction_id': 29331, 'amount': 836.23, 'timestamp': 1730497310.1861773, 'is_fraud': 1, 'location': 'DE', 'payment_method': 'CREDIT_CARD', 'oldbalanceOrg': 9025.1, 'newbalanceOrig': 7589.54, 'oldbalanceDest': 8141.23, 'prediction': 0}
2024-11-02 00:41:52,187 - INFO - Transaction Processed: {'transaction_id': 58372, 'amount': 958.72, 'timestamp': 1730497312.1862664, 'is_fraud': 0, 'location': 'DE', 'payment_method': 'PAYPAL', 'oldbalanceOrg': 4665.26, 'newbalanceOrig': 6029.04, 'oldbalanceDest': 8232.0, 'prediction': 0}
2024-11-02 00:41:54,189 - INFO - Transaction Processed: {'transaction_id': 17335, 'amount': 766.83, 'timestamp': 1730497314.1870894, 'is_fraud': 1, 'location': 'US', 'payment_method': 'CREDIT_CARD', 'oldbalanceOrg': 3653.54, 'newbalanceOrig': 1607.49, 'oldbalanceDest': 8516.0, 'prediction': 0}
2024-11-02 00:41:56,190 - INFO - Transaction Processed: {'transaction_id': 54037, 'amount': 594.58, 'timestamp': 1730497316.1888208, 'is_fraud': 0, 'location': 'DE', 'payment_method': 'CREDIT_CARD', 'oldbalanceOrg': 7290.99, 'newbalanceOrig': 392.92, 'oldbalanceDest': 7038.04, 'prediction': 0}
2024-11-02 00:41:58,192 - INFO - Transaction Processed: {'transaction_id': 53242, 'amount': 12.81, 'timestamp': 1730497318.1906054, 'is_fraud': 0, 'location': 'UK', 'payment_method': 'PAYPAL', 'oldbalanceOrg': 9652.87, 'newbalanceOrig': 2436.98, 'oldbalanceDest': 6944.72, 'prediction': 0}
2024-11-02 00:42:00,193 - INFO - Transaction Processed: {'transaction_id': 58871, 'amount': 629.67, 'timestamp': 1730497320.1910315, 'is_fraud': 0, 'location': 'DE', 'payment_method': 'CREDIT_CARD', 'oldbalanceOrg': 1762.61, 'newbalanceOrig': 1654.82, 'oldbalanceDest': 8977.17, 'prediction': 0}
2024-11-02 00:42:02,192 - INFO - Transaction Processed: {'transaction_id': 25791, 'amount': 788.99, 'timestamp': 1730497322.19199, 'is_fraud': 0, 'location': 'DE', 'payment_method': 'CREDIT_CARD', 'oldbalanceOrg': 2062.38, 'newbalanceOrig': 8992.21, 'oldbalanceDest': 7719.56, 'prediction': 0}
2024-11-02 00:42:04,194 - INFO - Transaction Processed: {'transaction_id': 22122, 'amount': 167.53, 'timestamp': 1730497324.1923277, 'is_fraud': 0, 'location': 'US', 'payment_method': 'BANK_TRANSFER', 'oldbalanceOrg': 2403.93, 'newbalanceOrig': 3221.5, 'oldbalanceDest': 6946.42, 'prediction': 0}
2024-11-02 00:42:06,193 - INFO - Transaction Processed: {'transaction_id': 27129, 'amount': 199.72, 'timestamp': 1730497326.1926806, 'is_fraud': 1, 'location': 'US', 'payment_method': 'CREDIT_CARD', 'oldbalanceOrg': 8604.15, 'newbalanceOrig': 7140.16, 'oldbalanceDest': 5680.54, 'prediction': 0}
2024-11-02 00:42:08,193 - INFO - Transaction Processed: {'transaction_id': 56115, 'amount': 628.05, 'timestamp': 1730497328.1927044, 'is_fraud': 0, 'location': 'DE', 'payment_method': 'BANK_TRANSFER', 'oldbalanceOrg': 7224.4, 'newbalanceOrig': 7017.23, 'oldbalanceDest': 7983.44, 'prediction': 0}
2024-11-02 00:42:10,194 - INFO - Transaction Processed: {'transaction_id': 92728, 'amount': 467.78, 'timestamp': 1730497330.192707, 'is_fraud': 0, 'location': 'DE', 'payment_method': 'CREDIT_CARD', 'oldbalanceOrg': 6325.56, 'newbalanceOrig': 4856.45, 'oldbalanceDest': 7074.54, 'prediction': 0}
2024-11-02 00:42:12,194 - INFO - Transaction Processed: {'transaction_id': 87023, 'amount': 548.03, 'timestamp': 1730497332.1937351, 'is_fraud': 0, 'location': 'FR', 'payment_method': 'CREDIT_CARD', 'oldbalanceOrg': 8320.3, 'newbalanceOrig': 6203.7, 'oldbalanceDest': 1858.35, 'prediction': 0}
2024-11-02 00:42:14,194 - INFO - Transaction Processed: {'transaction_id': 68302, 'amount': 328.11, 'timestamp': 1730497334.193832, 'is_fraud': 0, 'location': 'UK', 'payment_method': 'CREDIT_CARD', 'oldbalanceOrg': 9224.95, 'newbalanceOrig': 1053.22, 'oldbalanceDest': 5590.29, 'prediction': 0}
2024-11-02 00:42:16,195 - INFO - Transaction Processed: {'transaction_id': 75598, 'amount': 610.26, 'timestamp': 1730497336.1947415, 'is_fraud': 0, 'location': 'UK', 'payment_method': 'CREDIT_CARD', 'oldbalanceOrg': 94.89, 'newbalanceOrig': 2203.2, 'oldbalanceDest': 2518.6, 'prediction': 0}
2024-11-02 00:42:18,196 - INFO - Transaction Processed: {'transaction_id': 33192, 'amount': 507.72, 'timestamp': 1730497338.1951845, 'is_fraud': 0, 'location': 'US', 'payment_method': 'BANK_TRANSFER', 'oldbalanceOrg': 616.38, 'newbalanceOrig': 8890.86, 'oldbalanceDest': 4508.14, 'prediction': 0}
2024-11-02 00:42:20,196 - INFO - Transaction Processed: {'transaction_id': 33240, 'amount': 499.32, 'timestamp': 1730497340.196025, 'is_fraud': 0, 'location': 'FR', 'payment_method': 'PAYPAL', 'oldbalanceOrg': 3606.42, 'newbalanceOrig': 6155.47, 'oldbalanceDest': 5531.29, 'prediction': 0}
2024-11-02 00:42:22,197 - INFO - Transaction Processed: {'transaction_id': 96269, 'amount': 702.09, 'timestamp': 1730497342.196325, 'is_fraud': 0, 'location': 'US', 'payment_method': 'PAYPAL', 'oldbalanceOrg': 9736.53, 'newbalanceOrig': 7678.49, 'oldbalanceDest': 1368.24, 'prediction': 0}
2024-11-02 00:42:24,197 - INFO - Transaction Processed: {'transaction_id': 80113, 'amount': 30.62, 'timestamp': 1730497344.1965647, 'is_fraud': 1, 'location': 'DE', 'payment_method': 'BANK_TRANSFER', 'oldbalanceOrg': 390.86, 'newbalanceOrig': 2742.51, 'oldbalanceDest': 1929.7, 'prediction': 0}
2024-11-02 00:42:26,197 - INFO - Transaction Processed: {'transaction_id': 16849, 'amount': 39.8, 'timestamp': 1730497346.1966062, 'is_fraud': 1, 'location': 'UK', 'payment_method': 'PAYPAL', 'oldbalanceOrg': 878.32, 'newbalanceOrig': 894.3, 'oldbalanceDest': 5705.02, 'prediction': 0}
2024-11-02 00:42:28,198 - INFO - Transaction Processed: {'transaction_id': 66675, 'amount': 328.57, 'timestamp': 1730497348.197279, 'is_fraud': 0, 'location': 'US', 'payment_method': 'CREDIT_CARD', 'oldbalanceOrg': 9687.28, 'newbalanceOrig': 3824.97, 'oldbalanceDest': 2300.82, 'prediction': 0}
2024-11-02 00:42:30,198 - INFO - Transaction Processed: {'transaction_id': 18883, 'amount': 306.12, 'timestamp': 1730497350.1973834, 'is_fraud': 0, 'location': 'UK', 'payment_method': 'CREDIT_CARD', 'oldbalanceOrg': 2355.19, 'newbalanceOrig': 921.01, 'oldbalanceDest': 3686.83, 'prediction': 0}
2024-11-02 00:42:32,198 - INFO - Transaction Processed: {'transaction_id': 71235, 'amount': 140.35, 'timestamp': 1730497352.197526, 'is_fraud': 0, 'location': 'FR', 'payment_method': 'CREDIT_CARD', 'oldbalanceOrg': 8276.72, 'newbalanceOrig': 6859.97, 'oldbalanceDest': 3989.81, 'prediction': 0}
2024-11-02 00:42:34,199 - INFO - Transaction Processed: {'transaction_id': 52816, 'amount': 399.66, 'timestamp': 1730497354.198326, 'is_fraud': 0, 'location': 'US', 'payment_method': 'CREDIT_CARD', 'oldbalanceOrg': 3947.4, 'newbalanceOrig': 8148.84, 'oldbalanceDest': 7730.15, 'prediction': 0}
2024-11-02 00:42:36,199 - INFO - Transaction Processed: {'transaction_id': 79150, 'amount': 663.62, 'timestamp': 1730497356.1987236, 'is_fraud': 0, 'location': 'UK', 'payment_method': 'BANK_TRANSFER', 'oldbalanceOrg': 9759.11, 'newbalanceOrig': 609.31, 'oldbalanceDest': 9895.88, 'prediction': 0}
2024-11-02 00:42:38,200 - INFO - Transaction Processed: {'transaction_id': 33092, 'amount': 711.16, 'timestamp': 1730497358.199163, 'is_fraud': 0, 'location': 'UK', 'payment_method': 'BANK_TRANSFER', 'oldbalanceOrg': 3495.22, 'newbalanceOrig': 4433.37, 'oldbalanceDest': 6909.93, 'prediction': 0}
2024-11-02 00:42:40,201 - INFO - Transaction Processed: {'transaction_id': 87512, 'amount': 872.49, 'timestamp': 1730497360.2002337, 'is_fraud': 0, 'location': 'UK', 'payment_method': 'PAYPAL', 'oldbalanceOrg': 2288.23, 'newbalanceOrig': 2258.32, 'oldbalanceDest': 3714.42, 'prediction': 0}
2024-11-02 00:42:42,201 - INFO - Transaction Processed: {'transaction_id': 36114, 'amount': 33.37, 'timestamp': 1730497362.2008173, 'is_fraud': 0, 'location': 'FR', 'payment_method': 'BANK_TRANSFER', 'oldbalanceOrg': 6986.74, 'newbalanceOrig': 6577.48, 'oldbalanceDest': 2037.84, 'prediction': 0}
2024-11-02 00:42:44,202 - INFO - Transaction Processed: {'transaction_id': 28245, 'amount': 242.75, 'timestamp': 1730497364.2010555, 'is_fraud': 0, 'location': 'DE', 'payment_method': 'BANK_TRANSFER', 'oldbalanceOrg': 3807.0, 'newbalanceOrig': 3754.33, 'oldbalanceDest': 1686.76, 'prediction': 0}
2024-11-02 00:42:46,202 - INFO - Transaction Processed: {'transaction_id': 55117, 'amount': 961.69, 'timestamp': 1730497366.201227, 'is_fraud': 0, 'location': 'FR', 'payment_method': 'BANK_TRANSFER', 'oldbalanceOrg': 4332.92, 'newbalanceOrig': 4146.04, 'oldbalanceDest': 7137.8, 'prediction': 0}
2024-11-02 00:42:48,202 - INFO - Transaction Processed: {'transaction_id': 93424, 'amount': 560.89, 'timestamp': 1730497368.2014337, 'is_fraud': 0, 'location': 'DE', 'payment_method': 'PAYPAL', 'oldbalanceOrg': 5054.96, 'newbalanceOrig': 3835.3, 'oldbalanceDest': 1342.74, 'prediction': 0}
2024-11-02 00:42:50,202 - INFO - Transaction Processed: {'transaction_id': 43479, 'amount': 260.49, 'timestamp': 1730497370.2017817, 'is_fraud': 0, 'location': 'UK', 'payment_method': 'CREDIT_CARD', 'oldbalanceOrg': 5787.0, 'newbalanceOrig': 8075.73, 'oldbalanceDest': 3207.97, 'prediction': 0}
2024-11-02 00:42:52,203 - INFO - Transaction Processed: {'transaction_id': 20446, 'amount': 711.1, 'timestamp': 1730497372.202351, 'is_fraud': 0, 'location': 'US', 'payment_method': 'PAYPAL', 'oldbalanceOrg': 1309.81, 'newbalanceOrig': 1932.28, 'oldbalanceDest': 1440.27, 'prediction': 0}
2024-11-02 00:42:54,204 - INFO - Transaction Processed: {'transaction_id': 93414, 'amount': 318.41, 'timestamp': 1730497374.203282, 'is_fraud': 0, 'location': 'FR', 'payment_method': 'BANK_TRANSFER', 'oldbalanceOrg': 3418.47, 'newbalanceOrig': 7701.49, 'oldbalanceDest': 6325.81, 'prediction': 0}
2024-11-02 00:42:56,205 - INFO - Transaction Processed: {'transaction_id': 62184, 'amount': 561.48, 'timestamp': 1730497376.2042692, 'is_fraud': 0, 'location': 'US', 'payment_method': 'BANK_TRANSFER', 'oldbalanceOrg': 1414.08, 'newbalanceOrig': 8386.52, 'oldbalanceDest': 9980.28, 'prediction': 0}
2024-11-02 00:42:58,205 - INFO - Transaction Processed: {'transaction_id': 39586, 'amount': 169.65, 'timestamp': 1730497378.2044146, 'is_fraud': 0, 'location': 'UK', 'payment_method': 'CREDIT_CARD', 'oldbalanceOrg': 7207.21, 'newbalanceOrig': 1209.41, 'oldbalanceDest': 1370.12, 'prediction': 0}
2024-11-02 00:43:00,206 - INFO - Transaction Processed: {'transaction_id': 42124, 'amount': 271.04, 'timestamp': 1730497380.204434, 'is_fraud': 1, 'location': 'UK', 'payment_method': 'PAYPAL', 'oldbalanceOrg': 9314.13, 'newbalanceOrig': 9135.49, 'oldbalanceDest': 7421.06, 'prediction': 0}
2024-11-02 00:43:02,207 - INFO - Transaction Processed: {'transaction_id': 89731, 'amount': 724.67, 'timestamp': 1730497382.206017, 'is_fraud': 0, 'location': 'FR', 'payment_method': 'PAYPAL', 'oldbalanceOrg': 7466.06, 'newbalanceOrig': 5165.54, 'oldbalanceDest': 7273.64, 'prediction': 0}
2024-11-02 00:43:04,207 - INFO - Transaction Processed: {'transaction_id': 85918, 'amount': 202.86, 'timestamp': 1730497384.2064152, 'is_fraud': 0, 'location': 'FR', 'payment_method': 'PAYPAL', 'oldbalanceOrg': 9842.42, 'newbalanceOrig': 5595.83, 'oldbalanceDest': 2209.41, 'prediction': 0}
2024-11-02 00:43:06,208 - INFO - Transaction Processed: {'transaction_id': 57571, 'amount': 771.46, 'timestamp': 1730497386.2067873, 'is_fraud': 0, 'location': 'FR', 'payment_method': 'PAYPAL', 'oldbalanceOrg': 2168.05, 'newbalanceOrig': 327.22, 'oldbalanceDest': 9717.5, 'prediction': 0}
2024-11-02 00:43:08,208 - INFO - Transaction Processed: {'transaction_id': 13578, 'amount': 317.71, 'timestamp': 1730497388.207125, 'is_fraud': 0, 'location': 'UK', 'payment_method': 'PAYPAL', 'oldbalanceOrg': 8170.2, 'newbalanceOrig': 8838.04, 'oldbalanceDest': 8102.45, 'prediction': 0}
2024-11-02 00:43:10,209 - INFO - Transaction Processed: {'transaction_id': 99407, 'amount': 842.64, 'timestamp': 1730497390.2080004, 'is_fraud': 1, 'location': 'UK', 'payment_method': 'BANK_TRANSFER', 'oldbalanceOrg': 8175.04, 'newbalanceOrig': 3914.79, 'oldbalanceDest': 5906.89, 'prediction': 0}
2024-11-02 00:43:12,210 - INFO - Transaction Processed: {'transaction_id': 19771, 'amount': 302.2, 'timestamp': 1730497392.2097166, 'is_fraud': 1, 'location': 'UK', 'payment_method': 'PAYPAL', 'oldbalanceOrg': 2033.63, 'newbalanceOrig': 5751.67, 'oldbalanceDest': 3961.95, 'prediction': 0}
2024-11-02 00:43:14,210 - INFO - Transaction Processed: {'transaction_id': 10206, 'amount': 419.13, 'timestamp': 1730497394.209821, 'is_fraud': 0, 'location': 'DE', 'payment_method': 'BANK_TRANSFER', 'oldbalanceOrg': 2267.95, 'newbalanceOrig': 5737.81, 'oldbalanceDest': 6062.82, 'prediction': 0}
2024-11-02 00:43:16,211 - INFO - Transaction Processed: {'transaction_id': 97651, 'amount': 114.54, 'timestamp': 1730497396.2104154, 'is_fraud': 0, 'location': 'FR', 'payment_method': 'BANK_TRANSFER', 'oldbalanceOrg': 1670.42, 'newbalanceOrig': 8701.32, 'oldbalanceDest': 9803.39, 'prediction': 0}
2024-11-02 00:43:18,211 - INFO - Transaction Processed: {'transaction_id': 50765, 'amount': 771.44, 'timestamp': 1730497398.2107773, 'is_fraud': 0, 'location': 'DE', 'payment_method': 'BANK_TRANSFER', 'oldbalanceOrg': 9106.24, 'newbalanceOrig': 8169.38, 'oldbalanceDest': 4772.63, 'prediction': 0}
2024-11-02 00:43:20,211 - INFO - Transaction Processed: {'transaction_id': 77236, 'amount': 477.16, 'timestamp': 1730497400.2107813, 'is_fraud': 1, 'location': 'FR', 'payment_method': 'PAYPAL', 'oldbalanceOrg': 9915.41, 'newbalanceOrig': 3769.22, 'oldbalanceDest': 7757.54, 'prediction': 0}
2024-11-02 00:43:22,212 - INFO - Transaction Processed: {'transaction_id': 21441, 'amount': 140.44, 'timestamp': 1730497402.2114398, 'is_fraud': 0, 'location': 'US', 'payment_method': 'PAYPAL', 'oldbalanceOrg': 9264.08, 'newbalanceOrig': 1530.66, 'oldbalanceDest': 841.55, 'prediction': 0}
2024-11-02 00:43:24,212 - INFO - Transaction Processed: {'transaction_id': 67076, 'amount': 994.0, 'timestamp': 1730497404.2115846, 'is_fraud': 0, 'location': 'UK', 'payment_method': 'BANK_TRANSFER', 'oldbalanceOrg': 2971.59, 'newbalanceOrig': 5628.77, 'oldbalanceDest': 6547.1, 'prediction': 0}
2024-11-02 00:43:26,213 - INFO - Transaction Processed: {'transaction_id': 40242, 'amount': 691.29, 'timestamp': 1730497406.2121775, 'is_fraud': 0, 'location': 'UK', 'payment_method': 'CREDIT_CARD', 'oldbalanceOrg': 3445.95, 'newbalanceOrig': 6359.5, 'oldbalanceDest': 5814.68, 'prediction': 0}
2024-11-02 00:43:28,214 - INFO - Transaction Processed: {'transaction_id': 32808, 'amount': 162.66, 'timestamp': 1730497408.213104, 'is_fraud': 0, 'location': 'FR', 'payment_method': 'PAYPAL', 'oldbalanceOrg': 8131.79, 'newbalanceOrig': 9077.06, 'oldbalanceDest': 4175.74, 'prediction': 0}
2024-11-02 00:43:30,215 - INFO - Transaction Processed: {'transaction_id': 62234, 'amount': 387.81, 'timestamp': 1730497410.214158, 'is_fraud': 0, 'location': 'FR', 'payment_method': 'PAYPAL', 'oldbalanceOrg': 551.94, 'newbalanceOrig': 2396.58, 'oldbalanceDest': 1473.38, 'prediction': 0}
2024-11-02 00:43:32,215 - INFO - Transaction Processed: {'transaction_id': 23070, 'amount': 189.06, 'timestamp': 1730497412.2144756, 'is_fraud': 0, 'location': 'UK', 'payment_method': 'CREDIT_CARD', 'oldbalanceOrg': 5150.2, 'newbalanceOrig': 1585.55, 'oldbalanceDest': 4013.11, 'prediction': 0}
2024-11-02 00:43:34,216 - INFO - Transaction Processed: {'transaction_id': 34386, 'amount': 770.39, 'timestamp': 1730497414.2150288, 'is_fraud': 0, 'location': 'DE', 'payment_method': 'CREDIT_CARD', 'oldbalanceOrg': 1798.79, 'newbalanceOrig': 3145.56, 'oldbalanceDest': 2704.17, 'prediction': 0}
2024-11-02 00:43:36,218 - INFO - Transaction Processed: {'transaction_id': 14361, 'amount': 652.24, 'timestamp': 1730497416.2152143, 'is_fraud': 1, 'location': 'DE', 'payment_method': 'BANK_TRANSFER', 'oldbalanceOrg': 2738.84, 'newbalanceOrig': 3015.79, 'oldbalanceDest': 5970.31, 'prediction': 0}
2024-11-02 00:43:38,216 - INFO - Transaction Processed: {'transaction_id': 40269, 'amount': 956.58, 'timestamp': 1730497418.216024, 'is_fraud': 0, 'location': 'DE', 'payment_method': 'CREDIT_CARD', 'oldbalanceOrg': 4052.11, 'newbalanceOrig': 6114.16, 'oldbalanceDest': 3293.3, 'prediction': 0}
2024-11-02 00:43:40,216 - INFO - Transaction Processed: {'transaction_id': 84541, 'amount': 434.39, 'timestamp': 1730497420.216025, 'is_fraud': 0, 'location': 'DE', 'payment_method': 'PAYPAL', 'oldbalanceOrg': 9422.35, 'newbalanceOrig': 2422.68, 'oldbalanceDest': 6044.26, 'prediction': 0}
2024-11-02 00:43:42,217 - INFO - Transaction Processed: {'transaction_id': 69982, 'amount': 765.91, 'timestamp': 1730497422.216572, 'is_fraud': 1, 'location': 'US', 'payment_method': 'PAYPAL', 'oldbalanceOrg': 4915.27, 'newbalanceOrig': 4218.98, 'oldbalanceDest': 9636.81, 'prediction': 0}
2024-11-02 00:43:44,217 - INFO - Transaction Processed: {'transaction_id': 19901, 'amount': 538.72, 'timestamp': 1730497424.2168562, 'is_fraud': 0, 'location': 'US', 'payment_method': 'CREDIT_CARD', 'oldbalanceOrg': 4735.05, 'newbalanceOrig': 3982.54, 'oldbalanceDest': 370.0, 'prediction': 0}
2024-11-02 00:43:46,218 - INFO - Transaction Processed: {'transaction_id': 26916, 'amount': 992.24, 'timestamp': 1730497426.217614, 'is_fraud': 0, 'location': 'FR', 'payment_method': 'PAYPAL', 'oldbalanceOrg': 6972.0, 'newbalanceOrig': 1578.18, 'oldbalanceDest': 9967.21, 'prediction': 0}
2024-11-02 00:43:48,219 - INFO - Transaction Processed: {'transaction_id': 78462, 'amount': 345.99, 'timestamp': 1730497428.218251, 'is_fraud': 0, 'location': 'UK', 'payment_method': 'CREDIT_CARD', 'oldbalanceOrg': 4691.42, 'newbalanceOrig': 7282.57, 'oldbalanceDest': 4442.69, 'prediction': 0}
2024-11-02 00:43:50,219 - INFO - Transaction Processed: {'transaction_id': 61031, 'amount': 376.74, 'timestamp': 1730497430.2187984, 'is_fraud': 0, 'location': 'DE', 'payment_method': 'PAYPAL', 'oldbalanceOrg': 1927.14, 'newbalanceOrig': 8770.44, 'oldbalanceDest': 1020.86, 'prediction': 0}
2024-11-02 00:43:52,222 - INFO - Transaction Processed: {'transaction_id': 38580, 'amount': 36.1, 'timestamp': 1730497432.2210016, 'is_fraud': 0, 'location': 'UK', 'payment_method': 'PAYPAL', 'oldbalanceOrg': 3967.96, 'newbalanceOrig': 7779.32, 'oldbalanceDest': 7905.36, 'prediction': 0}
2024-11-02 00:43:54,223 - INFO - Transaction Processed: {'transaction_id': 44609, 'amount': 199.27, 'timestamp': 1730497434.2224205, 'is_fraud': 0, 'location': 'UK', 'payment_method': 'CREDIT_CARD', 'oldbalanceOrg': 4112.42, 'newbalanceOrig': 7042.86, 'oldbalanceDest': 2490.96, 'prediction': 0}
2024-11-02 00:43:56,224 - INFO - Transaction Processed: {'transaction_id': 54286, 'amount': 217.32, 'timestamp': 1730497436.223244, 'is_fraud': 0, 'location': 'US', 'payment_method': 'BANK_TRANSFER', 'oldbalanceOrg': 6034.87, 'newbalanceOrig': 7149.9, 'oldbalanceDest': 3638.93, 'prediction': 0}
2024-11-02 00:43:58,224 - INFO - Transaction Processed: {'transaction_id': 38500, 'amount': 523.29, 'timestamp': 1730497438.2238681, 'is_fraud': 0, 'location': 'US', 'payment_method': 'PAYPAL', 'oldbalanceOrg': 8346.65, 'newbalanceOrig': 8928.85, 'oldbalanceDest': 6923.03, 'prediction': 0}
2024-11-02 00:44:00,229 - INFO - Transaction Processed: {'transaction_id': 67332, 'amount': 502.61, 'timestamp': 1730497440.22432, 'is_fraud': 0, 'location': 'FR', 'payment_method': 'CREDIT_CARD', 'oldbalanceOrg': 6854.38, 'newbalanceOrig': 2789.37, 'oldbalanceDest': 8255.93, 'prediction': 0}
2024-11-02 00:44:02,227 - INFO - Transaction Processed: {'transaction_id': 45703, 'amount': 953.78, 'timestamp': 1730497442.2270818, 'is_fraud': 0, 'location': 'DE', 'payment_method': 'BANK_TRANSFER', 'oldbalanceOrg': 4399.52, 'newbalanceOrig': 1490.49, 'oldbalanceDest': 5081.15, 'prediction': 0}
2024-11-02 00:44:04,229 - INFO - Transaction Processed: {'transaction_id': 87718, 'amount': 729.78, 'timestamp': 1730497444.2280726, 'is_fraud': 0, 'location': 'FR', 'payment_method': 'PAYPAL', 'oldbalanceOrg': 6228.48, 'newbalanceOrig': 5147.65, 'oldbalanceDest': 4467.36, 'prediction': 0}
2024-11-02 00:44:06,229 - INFO - Transaction Processed: {'transaction_id': 86454, 'amount': 385.05, 'timestamp': 1730497446.228236, 'is_fraud': 0, 'location': 'US', 'payment_method': 'BANK_TRANSFER', 'oldbalanceOrg': 3357.2, 'newbalanceOrig': 4580.45, 'oldbalanceDest': 1770.55, 'prediction': 0}
2024-11-02 00:44:08,229 - INFO - Transaction Processed: {'transaction_id': 63313, 'amount': 620.72, 'timestamp': 1730497448.2289329, 'is_fraud': 0, 'location': 'DE', 'payment_method': 'CREDIT_CARD', 'oldbalanceOrg': 8932.19, 'newbalanceOrig': 6454.67, 'oldbalanceDest': 154.56, 'prediction': 0}
2024-11-02 00:44:10,230 - INFO - Transaction Processed: {'transaction_id': 29653, 'amount': 738.3, 'timestamp': 1730497450.2299256, 'is_fraud': 0, 'location': 'US', 'payment_method': 'BANK_TRANSFER', 'oldbalanceOrg': 2932.0, 'newbalanceOrig': 5788.54, 'oldbalanceDest': 7293.34, 'prediction': 0}
2024-11-02 00:44:12,231 - INFO - Transaction Processed: {'transaction_id': 28466, 'amount': 266.48, 'timestamp': 1730497452.2305393, 'is_fraud': 0, 'location': 'UK', 'payment_method': 'PAYPAL', 'oldbalanceOrg': 1703.54, 'newbalanceOrig': 5370.56, 'oldbalanceDest': 6069.35, 'prediction': 0}
2024-11-02 00:44:14,231 - INFO - Transaction Processed: {'transaction_id': 37616, 'amount': 165.96, 'timestamp': 1730497454.2306376, 'is_fraud': 1, 'location': 'UK', 'payment_method': 'BANK_TRANSFER', 'oldbalanceOrg': 5786.01, 'newbalanceOrig': 8643.25, 'oldbalanceDest': 739.42, 'prediction': 0}
2024-11-02 00:44:16,232 - INFO - Transaction Processed: {'transaction_id': 87456, 'amount': 896.32, 'timestamp': 1730497456.2315388, 'is_fraud': 1, 'location': 'US', 'payment_method': 'CREDIT_CARD', 'oldbalanceOrg': 9714.59, 'newbalanceOrig': 3273.99, 'oldbalanceDest': 5025.89, 'prediction': 0}
2024-11-02 00:44:18,233 - INFO - Transaction Processed: {'transaction_id': 67321, 'amount': 453.88, 'timestamp': 1730497458.23233, 'is_fraud': 1, 'location': 'DE', 'payment_method': 'BANK_TRANSFER', 'oldbalanceOrg': 3322.68, 'newbalanceOrig': 538.93, 'oldbalanceDest': 2467.72, 'prediction': 0}
2024-11-02 00:44:20,234 - INFO - Transaction Processed: {'transaction_id': 39335, 'amount': 390.59, 'timestamp': 1730497460.2324102, 'is_fraud': 0, 'location': 'DE', 'payment_method': 'CREDIT_CARD', 'oldbalanceOrg': 1857.64, 'newbalanceOrig': 6978.26, 'oldbalanceDest': 7550.76, 'prediction': 0}
2024-11-02 00:44:22,233 - INFO - Transaction Processed: {'transaction_id': 35510, 'amount': 213.17, 'timestamp': 1730497462.2326763, 'is_fraud': 0, 'location': 'FR', 'payment_method': 'CREDIT_CARD', 'oldbalanceOrg': 8168.88, 'newbalanceOrig': 3573.39, 'oldbalanceDest': 6573.67, 'prediction': 0}
2024-11-02 00:44:24,233 - INFO - Transaction Processed: {'transaction_id': 83969, 'amount': 314.55, 'timestamp': 1730497464.232828, 'is_fraud': 0, 'location': 'US', 'payment_method': 'BANK_TRANSFER', 'oldbalanceOrg': 302.29, 'newbalanceOrig': 4226.41, 'oldbalanceDest': 4803.44, 'prediction': 0}
2024-11-02 00:44:26,234 - INFO - Transaction Processed: {'transaction_id': 90386, 'amount': 25.46, 'timestamp': 1730497466.2332387, 'is_fraud': 1, 'location': 'US', 'payment_method': 'CREDIT_CARD', 'oldbalanceOrg': 1894.31, 'newbalanceOrig': 2881.65, 'oldbalanceDest': 4519.88, 'prediction': 0}
2024-11-02 00:44:28,235 - INFO - Transaction Processed: {'transaction_id': 95000, 'amount': 510.47, 'timestamp': 1730497468.2344654, 'is_fraud': 1, 'location': 'DE', 'payment_method': 'BANK_TRANSFER', 'oldbalanceOrg': 9466.44, 'newbalanceOrig': 1596.54, 'oldbalanceDest': 9892.25, 'prediction': 0}
2024-11-02 00:44:30,236 - INFO - Transaction Processed: {'transaction_id': 20189, 'amount': 774.27, 'timestamp': 1730497470.2353525, 'is_fraud': 0, 'location': 'US', 'payment_method': 'PAYPAL', 'oldbalanceOrg': 109.26, 'newbalanceOrig': 3429.0, 'oldbalanceDest': 2670.02, 'prediction': 0}
2024-11-02 00:44:32,236 - INFO - Transaction Processed: {'transaction_id': 33546, 'amount': 613.83, 'timestamp': 1730497472.235567, 'is_fraud': 0, 'location': 'UK', 'payment_method': 'PAYPAL', 'oldbalanceOrg': 3199.23, 'newbalanceOrig': 6424.46, 'oldbalanceDest': 5785.55, 'prediction': 0}
2024-11-02 00:44:34,238 - INFO - Transaction Processed: {'transaction_id': 13797, 'amount': 72.95, 'timestamp': 1730497474.2358587, 'is_fraud': 0, 'location': 'US', 'payment_method': 'BANK_TRANSFER', 'oldbalanceOrg': 4227.79, 'newbalanceOrig': 3291.65, 'oldbalanceDest': 2265.59, 'prediction': 0}
2024-11-02 00:44:36,238 - INFO - Transaction Processed: {'transaction_id': 67996, 'amount': 124.39, 'timestamp': 1730497476.2367826, 'is_fraud': 0, 'location': 'FR', 'payment_method': 'CREDIT_CARD', 'oldbalanceOrg': 1933.29, 'newbalanceOrig': 3706.4, 'oldbalanceDest': 6249.44, 'prediction': 0}
